# JRE version: OpenJDK Runtime Environment (11.0.10) (build 11.0.10+0-b96-7249189)
# Java VM: OpenJDK 64-Bit Server VM (11.0.10+0-b96-7249189, mixed mode, tiered, compressed oops, g1 gc, windows-amd64)
Heap:
 garbage-first heap   total 499712K, used 180551K [0x00000000a0000000, 0x0000000100000000)
  region size 1024K, 16 young (16384K), 16 survivors (16384K)
 Metaspace       used 128059K, capacity 131804K, committed 131960K, reserved 1165312K
  class space    used 15317K, capacity 16725K, committed 16844K, reserved 1048576K
GC Heap History (20 events):
Event: 3486.798 GC heap after
{Heap after GC invocations=190 (full 0):
 garbage-first heap   total 386048K, used 168051K [0x00000000a0000000, 0x0000000100000000)
  region size 1024K, 7 young (7168K), 7 survivors (7168K)
 Metaspace       used 127566K, capacity 131330K, committed 131576K, reserved 1165312K
  class space    used 15284K, capacity 16668K, committed 16716K, reserved 1048576K
}
Event: 3487.244 GC heap before
{Heap before GC invocations=191 (full 0):
 garbage-first heap   total 386048K, used 299123K [0x00000000a0000000, 0x0000000100000000)
  region size 1024K, 136 young (139264K), 7 survivors (7168K)
 Metaspace       used 127683K, capacity 131441K, committed 131576K, reserved 1165312K
  class space    used 15279K, capacity 16658K, committed 16716K, reserved 1048576K
}
Event: 3487.254 GC heap after
{Heap after GC invocations=192 (full 0):
 garbage-first heap   total 386048K, used 169620K [0x00000000a0000000, 0x0000000100000000)
  region size 1024K, 9 young (9216K), 9 survivors (9216K)
 Metaspace       used 127683K, capacity 131441K, committed 131576K, reserved 1165312K
  class space    used 15279K, capacity 16658K, committed 16716K, reserved 1048576K
}
Event: 3487.282 GC heap before
{Heap before GC invocations=192 (full 0):
 garbage-first heap   total 386048K, used 178836K [0x00000000a0000000, 0x0000000100000000)
  region size 1024K, 18 young (18432K), 9 survivors (9216K)
 Metaspace       used 127688K, capacity 131441K, committed 131576K, reserved 1165312K
  class space    used 15279K, capacity 16658K, committed 16716K, reserved 1048576K
}
Event: 3487.295 GC heap after
{Heap after GC invocations=193 (full 0):
 garbage-first heap   total 386048K, used 158563K [0x00000000a0000000, 0x0000000100000000)
  region size 1024K, 2 young (2048K), 2 survivors (2048K)
 Metaspace       used 127688K, capacity 131441K, committed 131576K, reserved 1165312K
  class space    used 15279K, capacity 16658K, committed 16716K, reserved 1048576K
}
Event: 3487.605 GC heap before
{Heap before GC invocations=193 (full 0):
 garbage-first heap   total 386048K, used 299875K [0x00000000a0000000, 0x0000000100000000)
  region size 1024K, 141 young (144384K), 2 survivors (2048K)
 Metaspace       used 127766K, capacity 131528K, committed 131832K, reserved 1165312K
  class space    used 15290K, capacity 16665K, committed 16716K, reserved 1048576K
}
Event: 3487.613 GC heap after
{Heap after GC invocations=194 (full 0):
 garbage-first heap   total 386048K, used 160543K [0x00000000a0000000, 0x0000000100000000)
  region size 1024K, 4 young (4096K), 4 survivors (4096K)
 Metaspace       used 127766K, capacity 131528K, committed 131832K, reserved 1165312K
  class space    used 15290K, capacity 16665K, committed 16716K, reserved 1048576K
}
Event: 3488.100 GC heap before
{Heap before GC invocations=195 (full 0):
 garbage-first heap   total 386048K, used 304927K [0x00000000a0000000, 0x0000000100000000)
  region size 1024K, 146 young (149504K), 4 survivors (4096K)
 Metaspace       used 127860K, capacity 131621K, committed 131832K, reserved 1165312K
  class space    used 15292K, capacity 16668K, committed 16716K, reserved 1048576K
}
Event: 3488.108 GC heap after
{Heap after GC invocations=196 (full 0):
 garbage-first heap   total 386048K, used 164966K [0x00000000a0000000, 0x0000000100000000)
  region size 1024K, 8 young (8192K), 8 survivors (8192K)
 Metaspace       used 127860K, capacity 131621K, committed 131832K, reserved 1165312K
  class space    used 15292K, capacity 16668K, committed 16716K, reserved 1048576K
}
Event: 3488.136 GC heap before
{Heap before GC invocations=196 (full 0):
 garbage-first heap   total 386048K, used 174182K [0x00000000a0000000, 0x0000000100000000)
  region size 1024K, 18 young (18432K), 8 survivors (8192K)
 Metaspace       used 127861K, capacity 131621K, committed 131832K, reserved 1165312K
  class space    used 15292K, capacity 16668K, committed 16716K, reserved 1048576K
}
Event: 3488.146 GC heap after
{Heap after GC invocations=197 (full 0):
 garbage-first heap   total 386048K, used 161410K [0x00000000a0000000, 0x0000000100000000)
  region size 1024K, 2 young (2048K), 2 survivors (2048K)
 Metaspace       used 127861K, capacity 131621K, committed 131832K, reserved 1165312K
  class space    used 15292K, capacity 16668K, committed 16716K, reserved 1048576K
}
Event: 3488.401 GC heap before
{Heap before GC invocations=197 (full 0):
 garbage-first heap   total 386048K, used 308866K [0x00000000a0000000, 0x0000000100000000)
  region size 1024K, 147 young (150528K), 2 survivors (2048K)
 Metaspace       used 127890K, capacity 131632K, committed 131832K, reserved 1165312K
  class space    used 15293K, capacity 16669K, committed 16716K, reserved 1048576K
}
Event: 3488.406 GC heap after
{Heap after GC invocations=198 (full 0):
 garbage-first heap   total 386048K, used 161958K [0x00000000a0000000, 0x0000000100000000)
  region size 1024K, 3 young (3072K), 3 survivors (3072K)
 Metaspace       used 127890K, capacity 131632K, committed 131832K, reserved 1165312K
  class space    used 15293K, capacity 16669K, committed 16716K, reserved 1048576K
}
Event: 3488.765 GC heap before
{Heap before GC invocations=199 (full 0):
 garbage-first heap   total 386048K, used 323620K [0x00000000a0000000, 0x0000000100000000)
  region size 1024K, 151 young (154624K), 3 survivors (3072K)
 Metaspace       used 127986K, capacity 131720K, committed 131960K, reserved 1165312K
  class space    used 15311K, capacity 16720K, committed 16844K, reserved 1048576K
}
Event: 3488.782 GC heap after
{Heap after GC invocations=200 (full 0):
 garbage-first heap   total 386048K, used 175838K [0x00000000a0000000, 0x0000000100000000)
  region size 1024K, 17 young (17408K), 17 survivors (17408K)
 Metaspace       used 127986K, capacity 131720K, committed 131960K, reserved 1165312K
  class space    used 15311K, capacity 16720K, committed 16844K, reserved 1048576K
}
Event: 3488.791 GC heap before
{Heap before GC invocations=200 (full 0):
 garbage-first heap   total 386048K, used 176862K [0x00000000a0000000, 0x0000000100000000)
  region size 1024K, 18 young (18432K), 17 survivors (17408K)
 Metaspace       used 127987K, capacity 131720K, committed 131960K, reserved 1165312K
  class space    used 15311K, capacity 16720K, committed 16844K, reserved 1048576K
}
Event: 3488.808 GC heap after
{Heap after GC invocations=201 (full 0):
 garbage-first heap   total 386048K, used 153275K [0x00000000a0000000, 0x0000000100000000)
  region size 1024K, 2 young (2048K), 2 survivors (2048K)
 Metaspace       used 127987K, capacity 131720K, committed 131960K, reserved 1165312K
  class space    used 15311K, capacity 16720K, committed 16844K, reserved 1048576K
}
Event: 3489.146 GC heap before
{Heap before GC invocations=201 (full 0):
 garbage-first heap   total 386048K, used 305851K [0x00000000a0000000, 0x0000000100000000)
  region size 1024K, 152 young (155648K), 2 survivors (2048K)
 Metaspace       used 128028K, capacity 131794K, committed 131960K, reserved 1165312K
  class space    used 15316K, capacity 16723K, committed 16844K, reserved 1048576K
}
Event: 3489.177 GC heap after
{Heap after GC invocations=202 (full 0):
 garbage-first heap   total 386048K, used 168952K [0x00000000a0000000, 0x0000000100000000)
  region size 1024K, 17 young (17408K), 17 survivors (17408K)
 Metaspace       used 128028K, capacity 131794K, committed 131960K, reserved 1165312K
  class space    used 15316K, capacity 16723K, committed 16844K, reserved 1048576K
}
Event: 3489.879 GC heap before
{Heap before GC invocations=203 (full 0):
 garbage-first heap   total 386048K, used 306790K [0x00000000a0000000, 0x0000000100000000)
  region size 1024K, 154 young (157696K), 17 survivors (17408K)
 Metaspace       used 128059K, capacity 131804K, committed 131960K, reserved 1165312K
  class space    used 15317K, capacity 16725K, committed 16844K, reserved 1048576K
}

